Timestamp: 2025-09-29 19:08:06
Hand Presence: Hand Detected
Hand Side: Right Hand
Finger Count: 5
Gesture Detected: Right Open Hand
CPU Usage: 27.8%
Memory Usage: 6139 MB
Frames Processed Per Second: 14.13
-------------------------------------------------
Timestamp: 2025-09-29 19:08:06
Hand Presence: Hand Detected
Hand Side: Right Hand
Finger Count: 5
Gesture Detected: Right Open Hand
CPU Usage: 44.9%
Memory Usage: 6138 MB
Frames Processed Per Second: 13.56
-------------------------------------------------
Timestamp: 2025-09-29 19:08:06
Hand Presence: Hand Detected
Hand Side: Right Hand
Finger Count: 5
Gesture Detected: Right Open Hand
CPU Usage: 31.8%
Memory Usage: 6138 MB
Frames Processed Per Second: 17.88
-------------------------------------------------
Timestamp: 2025-09-29 19:08:07
Hand Presence: Hand Detected
Hand Side: Right Hand
Finger Count: 5
Gesture Detected: Right Open Hand
CPU Usage: 30.6%
Memory Usage: 6139 MB
Frames Processed Per Second: 18.52
-------------------------------------------------
Timestamp: 2025-09-29 19:08:07
Hand Presence: Hand Detected
Hand Side: Right Hand
Finger Count: 5
Gesture Detected: Right Open Hand
CPU Usage: 18.8%
Memory Usage: 6140 MB
Frames Processed Per Second: 15.98
-------------------------------------------------
Timestamp: 2025-09-29 19:08:07
Hand Presence: Hand Detected
Hand Side: Right Hand
Finger Count: 5
Gesture Detected: Right Open Hand
CPU Usage: 18.6%
Memory Usage: 6143 MB
Frames Processed Per Second: 14.66
-------------------------------------------------
Timestamp: 2025-09-29 19:08:07
Hand Presence: Hand Detected
Hand Side: Right Hand
Finger Count: 5
Gesture Detected: Right Open Hand
CPU Usage: 27.9%
Memory Usage: 6138 MB
Frames Processed Per Second: 14.51
-------------------------------------------------
Timestamp: 2025-09-29 19:08:07
Hand Presence: Hand Detected
Hand Side: Right Hand
Finger Count: 5
Gesture Detected: Right Open Hand
CPU Usage: 36.1%
Memory Usage: 6138 MB
Frames Processed Per Second: 19.24
-------------------------------------------------
Timestamp: 2025-09-29 19:08:07
Hand Presence: Hand Detected
Hand Side: Right Hand
Finger Count: 5
Gesture Detected: Right Open Hand
CPU Usage: 22.6%
Memory Usage: 6138 MB
Frames Processed Per Second: 23.67
-------------------------------------------------
Timestamp: 2025-09-29 19:08:07
Hand Presence: Hand Detected
Hand Side: Right Hand
Finger Count: 5
Gesture Detected: Right Open Hand
CPU Usage: 20.5%
Memory Usage: 6139 MB
Frames Processed Per Second: 17.31
-------------------------------------------------
Timestamp: 2025-09-29 19:08:07
Hand Presence: Hand Detected
Hand Side: Right Hand
Finger Count: 5
Gesture Detected: Right Open Hand
CPU Usage: 19.0%
Memory Usage: 6139 MB
Frames Processed Per Second: 18.98
-------------------------------------------------
Timestamp: 2025-09-29 19:08:07
Hand Presence: Hand Detected
Hand Side: Right Hand
Finger Count: 5
Gesture Detected: Right Open Hand
CPU Usage: 42.4%
Memory Usage: 6140 MB
Frames Processed Per Second: 14.08
-------------------------------------------------
Timestamp: 2025-09-29 19:08:07
Hand Presence: Hand Detected
Hand Side: Right Hand
Finger Count: 5
Gesture Detected: Right Open Hand
CPU Usage: 27.5%
Memory Usage: 6141 MB
Frames Processed Per Second: 17.3
-------------------------------------------------
Timestamp: 2025-09-29 19:08:07
Hand Presence: Hand Detected
Hand Side: Right Hand
Finger Count: 5
Gesture Detected: Right Open Hand
CPU Usage: 37.8%
Memory Usage: 6141 MB
Frames Processed Per Second: 18.06
-------------------------------------------------
Timestamp: 2025-09-29 19:08:07
Hand Presence: Hand Detected
Hand Side: Right Hand
Finger Count: 5
Gesture Detected: Right Open Hand
CPU Usage: 18.4%
Memory Usage: 6141 MB
Frames Processed Per Second: 15.82
-------------------------------------------------
Timestamp: 2025-09-29 19:08:07
Hand Presence: Hand Detected
Hand Side: Right Hand
Finger Count: 5
Gesture Detected: Right Open Hand
CPU Usage: 46.2%
Memory Usage: 6142 MB
Frames Processed Per Second: 18.48
-------------------------------------------------
Timestamp: 2025-09-29 19:08:07
Hand Presence: Hand Detected
Hand Side: Right Hand
Finger Count: 5
Gesture Detected: Right Open Hand
CPU Usage: 30.6%
Memory Usage: 6142 MB
Frames Processed Per Second: 14.93
-------------------------------------------------
Timestamp: 2025-09-29 19:08:07
Hand Presence: Hand Detected
Hand Side: Right Hand
Finger Count: 5
Gesture Detected: Right Open Hand
CPU Usage: 44.7%
Memory Usage: 6142 MB
Frames Processed Per Second: 16.66
-------------------------------------------------
Timestamp: 2025-09-29 19:08:07
Hand Presence: Hand Detected
Hand Side: Right Hand
Finger Count: 5
Gesture Detected: Right Open Hand
CPU Usage: 19.1%
Memory Usage: 6142 MB
Frames Processed Per Second: 17.9
-------------------------------------------------
Timestamp: 2025-09-29 19:08:07
Hand Presence: Hand Detected
Hand Side: Right Hand
Finger Count: 5
Gesture Detected: Right Open Hand
CPU Usage: 28.3%
Memory Usage: 6142 MB
Frames Processed Per Second: 17.79
-------------------------------------------------
Timestamp: 2025-09-29 19:08:08
Hand Presence: Hand Detected
Hand Side: Right Hand
Finger Count: 5
Gesture Detected: Right Open Hand
CPU Usage: 16.2%
Memory Usage: 6140 MB
Frames Processed Per Second: 19.75
-------------------------------------------------
Timestamp: 2025-09-29 19:08:08
Hand Presence: Hand Detected
Hand Side: Right Hand
Finger Count: 5
Gesture Detected: Right Open Hand
CPU Usage: 40.0%
Memory Usage: 6138 MB
Frames Processed Per Second: 16.22
-------------------------------------------------
Timestamp: 2025-09-29 19:08:08
Hand Presence: Hand Detected
Hand Side: Right Hand
Finger Count: 5
Gesture Detected: Right Open Hand
CPU Usage: 25.0%
Memory Usage: 6138 MB
Frames Processed Per Second: 13.91
-------------------------------------------------
Timestamp: 2025-09-29 19:08:08
Hand Presence: Hand Detected
Hand Side: Right Hand
Finger Count: 5
Gesture Detected: Right Open Hand
CPU Usage: 16.7%
Memory Usage: 6139 MB
Frames Processed Per Second: 12.21
-------------------------------------------------
Timestamp: 2025-09-29 19:08:08
Hand Presence: Hand Detected
Hand Side: Right Hand
Finger Count: 5
Gesture Detected: Right Open Hand
CPU Usage: 0.0%
Memory Usage: 6139 MB
Frames Processed Per Second: 12.21
-------------------------------------------------
Timestamp: 2025-09-29 19:08:08
Hand Presence: Hand Detected
Hand Side: Right Hand
Finger Count: 5
Gesture Detected: Right Open Hand
CPU Usage: 18.2%
Memory Usage: 6139 MB
Frames Processed Per Second: 39.16
-------------------------------------------------
Timestamp: 2025-09-29 19:08:08
Hand Presence: Hand Detected
Hand Side: Right Hand
Finger Count: 1
Gesture Detected: Right Thumbs Up
CPU Usage: 15.9%
Memory Usage: 6140 MB
Frames Processed Per Second: 19.85
-------------------------------------------------
Timestamp: 2025-09-29 19:08:09
Hand Presence: No Hand
Hand Side: N/A
Finger Count: 0
Gesture Detected: No Gesture
CPU Usage: 26.9%
Memory Usage: 6146 MB
Frames Processed Per Second: 10.97
-------------------------------------------------
Timestamp: 2025-09-29 19:08:10
Hand Presence: Hand Detected
Hand Side: Left Hand
Finger Count: 0
Gesture Detected: Left Hand Down
CPU Usage: 25.5%
Memory Usage: 6145 MB
Frames Processed Per Second: 18.04
-------------------------------------------------
Timestamp: 2025-09-29 19:08:10
Hand Presence: Hand Detected
Hand Side: Right Hand
Finger Count: 1
Gesture Detected: Right Thumbs Up
CPU Usage: 13.2%
Memory Usage: 6142 MB
Frames Processed Per Second: 12.04
-------------------------------------------------
Timestamp: 2025-09-29 19:08:11
Hand Presence: Hand Detected
Hand Side: Right Hand
Finger Count: 1
Gesture Detected: Right Thumbs Down
CPU Usage: 21.2%
Memory Usage: 6141 MB
Frames Processed Per Second: 11.33
-------------------------------------------------
Timestamp: 2025-09-29 19:08:11
Hand Presence: Hand Detected
Hand Side: Right Hand
Finger Count: 1
Gesture Detected: Right Thumbs Down
CPU Usage: 23.0%
Memory Usage: 6139 MB
Frames Processed Per Second: 13.01
-------------------------------------------------
Timestamp: 2025-09-29 19:08:11
Hand Presence: Hand Detected
Hand Side: Right Hand
Finger Count: 1
Gesture Detected: Right Thumbs Down
CPU Usage: 13.6%
Memory Usage: 6141 MB
Frames Processed Per Second: 15.66
-------------------------------------------------
Timestamp: 2025-09-29 19:08:11
Hand Presence: Hand Detected
Hand Side: Right Hand
Finger Count: 2
Gesture Detected: Right 2 Fingers
CPU Usage: 26.2%
Memory Usage: 6138 MB
Frames Processed Per Second: 9.6
-------------------------------------------------
Timestamp: 2025-09-29 19:08:11
Hand Presence: Hand Detected
Hand Side: Right Hand
Finger Count: 1
Gesture Detected: Right Thumbs Down
CPU Usage: 20.8%
Memory Usage: 6138 MB
Frames Processed Per Second: 17.55
-------------------------------------------------
Timestamp: 2025-09-29 19:08:11
Hand Presence: Hand Detected
Hand Side: Right Hand
Finger Count: 1
Gesture Detected: Right Thumbs Down
CPU Usage: 26.7%
Memory Usage: 6130 MB
Frames Processed Per Second: 12.9
-------------------------------------------------
Timestamp: 2025-09-29 19:08:11
Hand Presence: Hand Detected
Hand Side: Right Hand
Finger Count: 1
Gesture Detected: Right Thumbs Down
CPU Usage: 45.6%
Memory Usage: 6130 MB
Frames Processed Per Second: 13.19
-------------------------------------------------
Timestamp: 2025-09-29 19:08:11
Hand Presence: Hand Detected
Hand Side: Right Hand
Finger Count: 2
Gesture Detected: Right 2 Fingers
CPU Usage: 32.1%
Memory Usage: 6132 MB
Frames Processed Per Second: 14.25
-------------------------------------------------
Timestamp: 2025-09-29 19:08:11
Hand Presence: Hand Detected
Hand Side: Right Hand
Finger Count: 1
Gesture Detected: Right Thumbs Down
CPU Usage: 36.5%
Memory Usage: 6133 MB
Frames Processed Per Second: 11.43
-------------------------------------------------
Timestamp: 2025-09-29 19:08:11
Hand Presence: Hand Detected
Hand Side: Right Hand
Finger Count: 1
Gesture Detected: Right Thumbs Down
CPU Usage: 47.8%
Memory Usage: 6133 MB
Frames Processed Per Second: 11.36
-------------------------------------------------
Timestamp: 2025-09-29 19:08:11
Hand Presence: Hand Detected
Hand Side: Right Hand
Finger Count: 1
Gesture Detected: Right Thumbs Down
CPU Usage: 35.5%
Memory Usage: 6133 MB
Frames Processed Per Second: 11.62
-------------------------------------------------
Timestamp: 2025-09-29 19:08:11
Hand Presence: Hand Detected
Hand Side: Right Hand
Finger Count: 1
Gesture Detected: Right Thumbs Down
CPU Usage: 49.3%
Memory Usage: 6134 MB
Frames Processed Per Second: 11.38
-------------------------------------------------
Timestamp: 2025-09-29 19:08:11
Hand Presence: Hand Detected
Hand Side: Right Hand
Finger Count: 1
Gesture Detected: Right Thumbs Down
CPU Usage: 32.9%
Memory Usage: 6134 MB
Frames Processed Per Second: 11.06
-------------------------------------------------
Timestamp: 2025-09-29 19:08:12
Hand Presence: Hand Detected
Hand Side: Right Hand
Finger Count: 1
Gesture Detected: Right Thumbs Down
CPU Usage: 28.0%
Memory Usage: 6132 MB
Frames Processed Per Second: 8.5
-------------------------------------------------
Timestamp: 2025-09-29 19:08:12
Hand Presence: Hand Detected
Hand Side: Right Hand
Finger Count: 1
Gesture Detected: Right Thumbs Down
CPU Usage: 21.4%
Memory Usage: 6132 MB
Frames Processed Per Second: 13.51
-------------------------------------------------
Timestamp: 2025-09-29 19:08:12
Hand Presence: Hand Detected
Hand Side: Right Hand
Finger Count: 1
Gesture Detected: Right Thumbs Down
CPU Usage: 23.8%
Memory Usage: 6128 MB
Frames Processed Per Second: 12.66
-------------------------------------------------
Timestamp: 2025-09-29 19:08:12
Hand Presence: Hand Detected
Hand Side: Left Hand
Finger Count: 1
Gesture Detected: Left Index Finger
CPU Usage: 30.0%
Memory Usage: 6129 MB
Frames Processed Per Second: 12.63
-------------------------------------------------
Timestamp: 2025-09-29 19:08:12
Hand Presence: Hand Detected
Hand Side: Left Hand
Finger Count: 0
Gesture Detected: Left Hand Down
CPU Usage: 25.4%
Memory Usage: 6129 MB
Frames Processed Per Second: 12.9
-------------------------------------------------
Timestamp: 2025-09-29 19:08:12
Hand Presence: Hand Detected
Hand Side: Left Hand
Finger Count: 1
Gesture Detected: Left Thumbs Down
CPU Usage: 23.1%
Memory Usage: 6129 MB
Frames Processed Per Second: 15.03
-------------------------------------------------
Timestamp: 2025-09-29 19:08:12
Hand Presence: Hand Detected
Hand Side: Left Hand
Finger Count: 1
Gesture Detected: Left Thumbs Down
CPU Usage: 14.5%
Memory Usage: 6136 MB
Frames Processed Per Second: 12.8
-------------------------------------------------
Timestamp: 2025-09-29 19:08:13
Hand Presence: Hand Detected
Hand Side: Left Hand
Finger Count: 1
Gesture Detected: Left Thumbs Down
CPU Usage: 26.0%
Memory Usage: 6140 MB
Frames Processed Per Second: 11.68
-------------------------------------------------
Timestamp: 2025-09-29 19:08:13
Hand Presence: Hand Detected
Hand Side: Left Hand
Finger Count: 1
Gesture Detected: Left Thumbs Down
CPU Usage: 10.4%
Memory Usage: 6139 MB
Frames Processed Per Second: 13.72
-------------------------------------------------
Timestamp: 2025-09-29 19:08:13
Hand Presence: Hand Detected
Hand Side: Left Hand
Finger Count: 1
Gesture Detected: Left Thumbs Down
CPU Usage: 18.3%
Memory Usage: 6139 MB
Frames Processed Per Second: 12.01
-------------------------------------------------
Timestamp: 2025-09-29 19:08:13
Hand Presence: Hand Detected
Hand Side: Left Hand
Finger Count: 1
Gesture Detected: Left Thumbs Down
CPU Usage: 28.6%
Memory Usage: 6139 MB
Frames Processed Per Second: 14.8
-------------------------------------------------
Timestamp: 2025-09-29 19:08:13
Hand Presence: Hand Detected
Hand Side: Left Hand
Finger Count: 1
Gesture Detected: Left Thumbs Down
CPU Usage: 25.0%
Memory Usage: 6139 MB
Frames Processed Per Second: 14.15
-------------------------------------------------
Timestamp: 2025-09-29 19:08:13
Hand Presence: Hand Detected
Hand Side: Left Hand
Finger Count: 1
Gesture Detected: Left Thumbs Down
CPU Usage: 21.8%
Memory Usage: 6140 MB
Frames Processed Per Second: 14.78
-------------------------------------------------
Timestamp: 2025-09-29 19:08:13
Hand Presence: Hand Detected
Hand Side: Left Hand
Finger Count: 1
Gesture Detected: Left Thumbs Down
CPU Usage: 21.8%
Memory Usage: 6140 MB
Frames Processed Per Second: 12.66
-------------------------------------------------
Timestamp: 2025-09-29 19:08:13
Hand Presence: Hand Detected
Hand Side: Left Hand
Finger Count: 1
Gesture Detected: Left Thumbs Down
CPU Usage: 18.5%
Memory Usage: 6134 MB
Frames Processed Per Second: 11.29
-------------------------------------------------
Timestamp: 2025-09-29 19:08:13
Hand Presence: Hand Detected
Hand Side: Left Hand
Finger Count: 1
Gesture Detected: Left Thumbs Down
CPU Usage: 21.7%
Memory Usage: 6134 MB
Frames Processed Per Second: 17.22
-------------------------------------------------
Timestamp: 2025-09-29 19:08:13
Hand Presence: Hand Detected
Hand Side: Left Hand
Finger Count: 1
Gesture Detected: Left Thumbs Down
CPU Usage: 20.0%
Memory Usage: 6134 MB
Frames Processed Per Second: 15.15
-------------------------------------------------
Timestamp: 2025-09-29 19:08:13
Hand Presence: Hand Detected
Hand Side: Left Hand
Finger Count: 1
Gesture Detected: Left Thumbs Down
CPU Usage: 16.4%
Memory Usage: 6135 MB
Frames Processed Per Second: 14.75
-------------------------------------------------
Timestamp: 2025-09-29 19:08:13
Hand Presence: Hand Detected
Hand Side: Left Hand
Finger Count: 1
Gesture Detected: Left Thumbs Down
CPU Usage: 22.2%
Memory Usage: 6135 MB
Frames Processed Per Second: 14.08
-------------------------------------------------
Timestamp: 2025-09-29 19:08:13
Hand Presence: Hand Detected
Hand Side: Left Hand
Finger Count: 1
Gesture Detected: Left Thumbs Down
CPU Usage: 33.3%
Memory Usage: 6135 MB
Frames Processed Per Second: 13.47
-------------------------------------------------
Timestamp: 2025-09-29 19:08:14
Hand Presence: Hand Detected
Hand Side: Left Hand
Finger Count: 1
Gesture Detected: Left Thumbs Down
CPU Usage: 41.9%
Memory Usage: 6139 MB
Frames Processed Per Second: 13.1
-------------------------------------------------
Timestamp: 2025-09-29 19:08:14
Hand Presence: Hand Detected
Hand Side: Left Hand
Finger Count: 1
Gesture Detected: Left Thumbs Down
CPU Usage: 40.6%
Memory Usage: 6131 MB
Frames Processed Per Second: 12.25
-------------------------------------------------
Timestamp: 2025-09-29 19:08:15
Hand Presence: No Hand
Hand Side: N/A
Finger Count: 0
Gesture Detected: No Gesture
CPU Usage: 28.6%
Memory Usage: 6138 MB
Frames Processed Per Second: 24.52
-------------------------------------------------
Timestamp: 2025-09-29 19:08:16
Hand Presence: No Hand
Hand Side: N/A
Finger Count: 0
Gesture Detected: No Gesture
CPU Usage: 27.4%
Memory Usage: 6137 MB
Frames Processed Per Second: 17.62
-------------------------------------------------
Timestamp: 2025-09-29 19:08:17
Hand Presence: Hand Detected
Hand Side: Left Hand
Finger Count: 2
Gesture Detected: Left Two Fingers
CPU Usage: 23.6%
Memory Usage: 6142 MB
Frames Processed Per Second: 11.76
-------------------------------------------------
Timestamp: 2025-09-29 19:08:17
Hand Presence: Hand Detected
Hand Side: Left Hand
Finger Count: 2
Gesture Detected: Left Two Fingers
CPU Usage: 35.8%
Memory Usage: 6140 MB
Frames Processed Per Second: 12.63
-------------------------------------------------
Timestamp: 2025-09-29 19:08:17
Hand Presence: Hand Detected
Hand Side: Left Hand
Finger Count: 2
Gesture Detected: Left Two Fingers
CPU Usage: 15.0%
Memory Usage: 6141 MB
Frames Processed Per Second: 13.33
-------------------------------------------------
Timestamp: 2025-09-29 19:08:17
Hand Presence: Hand Detected
Hand Side: Left Hand
Finger Count: 2
Gesture Detected: Left Two Fingers
CPU Usage: 31.2%
Memory Usage: 6141 MB
Frames Processed Per Second: 13.04
-------------------------------------------------
Timestamp: 2025-09-29 19:08:18
Hand Presence: Hand Detected
Hand Side: Right Hand
Finger Count: 2
Gesture Detected: Right Two Fingers
CPU Usage: 24.8%
Memory Usage: 6135 MB
Frames Processed Per Second: 19.24
-------------------------------------------------
Timestamp: 2025-09-29 19:08:18
Hand Presence: Hand Detected
Hand Side: Left Hand
Finger Count: 3
Gesture Detected: Left Three Fingers
CPU Usage: 21.7%
Memory Usage: 6135 MB
Frames Processed Per Second: 10.5
-------------------------------------------------
Timestamp: 2025-09-29 19:08:18
Hand Presence: Hand Detected
Hand Side: Left Hand
Finger Count: 2
Gesture Detected: Left 2 Fingers
CPU Usage: 23.6%
Memory Usage: 6135 MB
Frames Processed Per Second: 11.13
-------------------------------------------------
Timestamp: 2025-09-29 19:08:18
Hand Presence: Hand Detected
Hand Side: Right Hand
Finger Count: 1
Gesture Detected: Right Index Finger
CPU Usage: 31.0%
Memory Usage: 6135 MB
Frames Processed Per Second: 10.63
-------------------------------------------------
Timestamp: 2025-09-29 19:08:18
Hand Presence: Hand Detected
Hand Side: Right Hand
Finger Count: 2
Gesture Detected: Right Two Fingers
CPU Usage: 35.5%
Memory Usage: 6142 MB
Frames Processed Per Second: 13.1
-------------------------------------------------
Timestamp: 2025-09-29 19:08:18
Hand Presence: Hand Detected
Hand Side: Left Hand
Finger Count: 2
Gesture Detected: Left Two Fingers
CPU Usage: 29.7%
Memory Usage: 6142 MB
Frames Processed Per Second: 12.76
-------------------------------------------------
Timestamp: 2025-09-29 19:08:18
Hand Presence: Hand Detected
Hand Side: Left Hand
Finger Count: 2
Gesture Detected: Left Two Fingers
CPU Usage: 25.6%
Memory Usage: 6142 MB
Frames Processed Per Second: 9.22
-------------------------------------------------
Timestamp: 2025-09-29 19:08:19
Hand Presence: Hand Detected
Hand Side: Left Hand
Finger Count: 2
Gesture Detected: Left Two Fingers
CPU Usage: 34.7%
Memory Usage: 6142 MB
Frames Processed Per Second: 10.58
-------------------------------------------------
Timestamp: 2025-09-29 19:08:19
Hand Presence: Hand Detected
Hand Side: Left Hand
Finger Count: 2
Gesture Detected: Left Two Fingers
CPU Usage: 42.7%
Memory Usage: 6138 MB
Frames Processed Per Second: 11.38
-------------------------------------------------
Timestamp: 2025-09-29 19:08:19
Hand Presence: Hand Detected
Hand Side: Right Hand
Finger Count: 3
Gesture Detected: Right Three Fingers
CPU Usage: 35.5%
Memory Usage: 6138 MB
Frames Processed Per Second: 8.37
-------------------------------------------------
Timestamp: 2025-09-29 19:08:19
Hand Presence: Hand Detected
Hand Side: Left Hand
Finger Count: 2
Gesture Detected: Left Two Fingers
CPU Usage: 0.0%
Memory Usage: 6138 MB
Frames Processed Per Second: 8.37
-------------------------------------------------
Timestamp: 2025-09-29 19:08:19
Hand Presence: Hand Detected
Hand Side: Left Hand
Finger Count: 2
Gesture Detected: Left Two Fingers
CPU Usage: 39.1%
Memory Usage: 6138 MB
Frames Processed Per Second: 12.29
-------------------------------------------------
Timestamp: 2025-09-29 19:08:19
Hand Presence: Hand Detected
Hand Side: Left Hand
Finger Count: 2
Gesture Detected: Left Two Fingers
CPU Usage: 50.0%
Memory Usage: 6138 MB
Frames Processed Per Second: 12.29
-------------------------------------------------
Timestamp: 2025-09-29 19:08:19
Hand Presence: Hand Detected
Hand Side: Left Hand
Finger Count: 2
Gesture Detected: Left Two Fingers
CPU Usage: 28.8%
Memory Usage: 6137 MB
Frames Processed Per Second: 11.92
-------------------------------------------------
Timestamp: 2025-09-29 19:08:19
Hand Presence: Hand Detected
Hand Side: Left Hand
Finger Count: 2
Gesture Detected: Left Two Fingers
CPU Usage: 0.0%
Memory Usage: 6137 MB
Frames Processed Per Second: 11.92
-------------------------------------------------
Timestamp: 2025-09-29 19:08:19
Hand Presence: Hand Detected
Hand Side: Left Hand
Finger Count: 2
Gesture Detected: Left Two Fingers
CPU Usage: 38.1%
Memory Usage: 6137 MB
Frames Processed Per Second: 29.47
-------------------------------------------------
Timestamp: 2025-09-29 19:08:19
Hand Presence: Hand Detected
Hand Side: Right Hand
Finger Count: 3
Gesture Detected: Right Three Fingers
CPU Usage: 29.3%
Memory Usage: 6137 MB
Frames Processed Per Second: 11.07
-------------------------------------------------
Timestamp: 2025-09-29 19:08:19
Hand Presence: Hand Detected
Hand Side: Left Hand
Finger Count: 2
Gesture Detected: Left Two Fingers
CPU Usage: 80.0%
Memory Usage: 6137 MB
Frames Processed Per Second: 11.07
-------------------------------------------------
Timestamp: 2025-09-29 19:08:19
Hand Presence: Hand Detected
Hand Side: Left Hand
Finger Count: 2
Gesture Detected: Left Two Fingers
CPU Usage: 25.0%
Memory Usage: 6131 MB
Frames Processed Per Second: 13.26
-------------------------------------------------
Timestamp: 2025-09-29 19:08:19
Hand Presence: Hand Detected
Hand Side: Left Hand
Finger Count: 2
Gesture Detected: Left Two Fingers
CPU Usage: 0.0%
Memory Usage: 6131 MB
Frames Processed Per Second: 13.26
-------------------------------------------------
Timestamp: 2025-09-29 19:08:19
Hand Presence: Hand Detected
Hand Side: Left Hand
Finger Count: 2
Gesture Detected: Left Two Fingers
CPU Usage: 44.4%
Memory Usage: 6131 MB
Frames Processed Per Second: 27.06
-------------------------------------------------
Timestamp: 2025-09-29 19:08:19
Hand Presence: Hand Detected
Hand Side: Left Hand
Finger Count: 2
Gesture Detected: Left Two Fingers
CPU Usage: 26.2%
Memory Usage: 6137 MB
Frames Processed Per Second: 9.55
-------------------------------------------------
Timestamp: 2025-09-29 19:08:19
Hand Presence: Hand Detected
Hand Side: Left Hand
Finger Count: 2
Gesture Detected: Left Two Fingers
CPU Usage: 0.0%
Memory Usage: 6141 MB
Frames Processed Per Second: 9.55
-------------------------------------------------
Timestamp: 2025-09-29 19:08:19
Hand Presence: Hand Detected
Hand Side: Left Hand
Finger Count: 2
Gesture Detected: Left Two Fingers
CPU Usage: 18.3%
Memory Usage: 6141 MB
Frames Processed Per Second: 13.04
-------------------------------------------------
Timestamp: 2025-09-29 19:08:19
Hand Presence: Hand Detected
Hand Side: Left Hand
Finger Count: 2
Gesture Detected: Left Two Fingers
CPU Usage: 0.0%
Memory Usage: 6141 MB
Frames Processed Per Second: 13.04
-------------------------------------------------
Timestamp: 2025-09-29 19:08:19
Hand Presence: Hand Detected
Hand Side: Left Hand
Finger Count: 2
Gesture Detected: Left Two Fingers
CPU Usage: 13.9%
Memory Usage: 6141 MB
Frames Processed Per Second: 23.83
-------------------------------------------------
Timestamp: 2025-09-29 19:08:19
Hand Presence: Hand Detected
Hand Side: Left Hand
Finger Count: 2
Gesture Detected: Left Two Fingers
CPU Usage: 22.1%
Memory Usage: 6141 MB
Frames Processed Per Second: 10.01
-------------------------------------------------
Timestamp: 2025-09-29 19:08:19
Hand Presence: Hand Detected
Hand Side: Left Hand
Finger Count: 2
Gesture Detected: Left Two Fingers
CPU Usage: 0.0%
Memory Usage: 6141 MB
Frames Processed Per Second: 10.01
-------------------------------------------------
Timestamp: 2025-09-29 19:08:19
Hand Presence: Hand Detected
Hand Side: Left Hand
Finger Count: 2
Gesture Detected: Left Two Fingers
CPU Usage: 25.5%
Memory Usage: 6141 MB
Frames Processed Per Second: 17.13
-------------------------------------------------
Timestamp: 2025-09-29 19:08:19
Hand Presence: Hand Detected
Hand Side: Left Hand
Finger Count: 2
Gesture Detected: Left Two Fingers
CPU Usage: 0.0%
Memory Usage: 6141 MB
Frames Processed Per Second: 17.13
-------------------------------------------------
Timestamp: 2025-09-29 19:08:20
Hand Presence: Hand Detected
Hand Side: Left Hand
Finger Count: 2
Gesture Detected: Left Two Fingers
CPU Usage: 14.3%
Memory Usage: 6141 MB
Frames Processed Per Second: 15.33
-------------------------------------------------
Timestamp: 2025-09-29 19:08:20
Hand Presence: Hand Detected
Hand Side: Left Hand
Finger Count: 2
Gesture Detected: Left Two Fingers
CPU Usage: 0.0%
Memory Usage: 6141 MB
Frames Processed Per Second: 15.33
-------------------------------------------------
Timestamp: 2025-09-29 19:08:20
Hand Presence: Hand Detected
Hand Side: Left Hand
Finger Count: 2
Gesture Detected: Left Two Fingers
CPU Usage: 27.0%
Memory Usage: 6141 MB
Frames Processed Per Second: 20.49
-------------------------------------------------
Timestamp: 2025-09-29 19:08:20
Hand Presence: Hand Detected
Hand Side: Right Hand
Finger Count: 3
Gesture Detected: Right Three Fingers
CPU Usage: 34.5%
Memory Usage: 6142 MB
Frames Processed Per Second: 8.95
-------------------------------------------------
Timestamp: 2025-09-29 19:08:20
Hand Presence: Hand Detected
Hand Side: Left Hand
Finger Count: 2
Gesture Detected: Left Two Fingers
CPU Usage: 50.0%
Memory Usage: 6142 MB
Frames Processed Per Second: 8.95
-------------------------------------------------
Timestamp: 2025-09-29 19:08:20
Hand Presence: Hand Detected
Hand Side: Left Hand
Finger Count: 2
Gesture Detected: Left Two Fingers
CPU Usage: 34.4%
Memory Usage: 6142 MB
Frames Processed Per Second: 12.65
-------------------------------------------------
Timestamp: 2025-09-29 19:08:20
Hand Presence: Hand Detected
Hand Side: Left Hand
Finger Count: 2
Gesture Detected: Left Two Fingers
CPU Usage: 0.0%
Memory Usage: 6142 MB
Frames Processed Per Second: 12.65
-------------------------------------------------
Timestamp: 2025-09-29 19:08:20
Hand Presence: Hand Detected
Hand Side: Left Hand
Finger Count: 2
Gesture Detected: Left Two Fingers
CPU Usage: 39.2%
Memory Usage: 6150 MB
Frames Processed Per Second: 13.7
-------------------------------------------------
Timestamp: 2025-09-29 19:08:20
Hand Presence: Hand Detected
Hand Side: Left Hand
Finger Count: 2
Gesture Detected: Left Two Fingers
CPU Usage: 0.0%
Memory Usage: 6150 MB
Frames Processed Per Second: 13.7
-------------------------------------------------
Timestamp: 2025-09-29 19:08:20
Hand Presence: Hand Detected
Hand Side: Left Hand
Finger Count: 2
Gesture Detected: Left Two Fingers
CPU Usage: 33.3%
Memory Usage: 6151 MB
Frames Processed Per Second: 12.04
-------------------------------------------------
Timestamp: 2025-09-29 19:08:20
Hand Presence: Hand Detected
Hand Side: Left Hand
Finger Count: 2
Gesture Detected: Left Two Fingers
CPU Usage: 0.0%
Memory Usage: 6150 MB
Frames Processed Per Second: 12.04
-------------------------------------------------
Timestamp: 2025-09-29 19:08:20
Hand Presence: Hand Detected
Hand Side: Left Hand
Finger Count: 2
Gesture Detected: Left Two Fingers
CPU Usage: 52.3%
Memory Usage: 6153 MB
Frames Processed Per Second: 23.02
-------------------------------------------------
Timestamp: 2025-09-29 19:08:20
Hand Presence: Hand Detected
Hand Side: Left Hand
Finger Count: 2
Gesture Detected: Left Two Fingers
CPU Usage: 35.1%
Memory Usage: 6155 MB
Frames Processed Per Second: 6.96
-------------------------------------------------
Timestamp: 2025-09-29 19:08:20
Hand Presence: Hand Detected
Hand Side: Left Hand
Finger Count: 2
Gesture Detected: Left Two Fingers
CPU Usage: 28.6%
Memory Usage: 6155 MB
Frames Processed Per Second: 8.37
-------------------------------------------------
Timestamp: 2025-09-29 19:08:20
Hand Presence: Hand Detected
Hand Side: Left Hand
Finger Count: 2
Gesture Detected: Left Two Fingers
CPU Usage: 31.0%
Memory Usage: 6148 MB
Frames Processed Per Second: 8.97
-------------------------------------------------
Timestamp: 2025-09-29 19:08:20
Hand Presence: Hand Detected
Hand Side: Left Hand
Finger Count: 2
Gesture Detected: Left Two Fingers
CPU Usage: 31.2%
Memory Usage: 6148 MB
Frames Processed Per Second: 7.89
-------------------------------------------------
Timestamp: 2025-09-29 19:08:21
Hand Presence: Hand Detected
Hand Side: Left Hand
Finger Count: 2
Gesture Detected: Left Two Fingers
CPU Usage: 34.4%
Memory Usage: 6147 MB
Frames Processed Per Second: 12.82
-------------------------------------------------
Timestamp: 2025-09-29 19:08:21
Hand Presence: Hand Detected
Hand Side: Left Hand
Finger Count: 2
Gesture Detected: Left Two Fingers
CPU Usage: 19.1%
Memory Usage: 6147 MB
Frames Processed Per Second: 18.72
-------------------------------------------------
Timestamp: 2025-09-29 19:08:21
Hand Presence: Hand Detected
Hand Side: Left Hand
Finger Count: 2
Gesture Detected: Left Two Fingers
CPU Usage: 23.3%
Memory Usage: 6147 MB
Frames Processed Per Second: 9.98
-------------------------------------------------
Timestamp: 2025-09-29 19:08:21
Hand Presence: Hand Detected
Hand Side: Left Hand
Finger Count: 2
Gesture Detected: Left Two Fingers
CPU Usage: 24.6%
Memory Usage: 6147 MB
Frames Processed Per Second: 13.3
-------------------------------------------------
Timestamp: 2025-09-29 19:08:21
Hand Presence: Hand Detected
Hand Side: Left Hand
Finger Count: 2
Gesture Detected: Left Two Fingers
CPU Usage: 0.0%
Memory Usage: 6147 MB
Frames Processed Per Second: 13.3
-------------------------------------------------
Timestamp: 2025-09-29 19:08:21
Hand Presence: Hand Detected
Hand Side: Left Hand
Finger Count: 2
Gesture Detected: Left Two Fingers
CPU Usage: 31.8%
Memory Usage: 6144 MB
Frames Processed Per Second: 28.12
-------------------------------------------------
Timestamp: 2025-09-29 19:08:21
Hand Presence: Hand Detected
Hand Side: Left Hand
Finger Count: 2
Gesture Detected: Left Two Fingers
CPU Usage: 27.1%
Memory Usage: 6144 MB
Frames Processed Per Second: 13.6
-------------------------------------------------
Timestamp: 2025-09-29 19:08:21
Hand Presence: Hand Detected
Hand Side: Left Hand
Finger Count: 2
Gesture Detected: Left Two Fingers
CPU Usage: 27.6%
Memory Usage: 6143 MB
Frames Processed Per Second: 13.17
-------------------------------------------------
Timestamp: 2025-09-29 19:08:21
Hand Presence: Hand Detected
Hand Side: Left Hand
Finger Count: 2
Gesture Detected: Left Two Fingers
CPU Usage: 25.5%
Memory Usage: 6143 MB
Frames Processed Per Second: 13.85
-------------------------------------------------
