Timestamp: 2025-09-29 19:07:47
Hand Presence: No Hand
Hand Side: N/A
Finger Count: 0
Gesture Detected: No Gesture
CPU Usage: 30.4%
Memory Usage: 6168 MB
Frames Processed Per Second: 19.81
-------------------------------------------------
Timestamp: 2025-09-29 19:07:47
Hand Presence: Hand Detected
Hand Side: Right Hand
Finger Count: 2
Gesture Detected: Right 2 Fingers
CPU Usage: 27.1%
Memory Usage: 6164 MB
Frames Processed Per Second: 19.28
-------------------------------------------------
Timestamp: 2025-09-29 19:07:47
Hand Presence: Hand Detected
Hand Side: Right Hand
Finger Count: 3
Gesture Detected: Right Three Fingers
CPU Usage: 19.6%
Memory Usage: 6164 MB
Frames Processed Per Second: 15.07
-------------------------------------------------
Timestamp: 2025-09-29 19:07:47
Hand Presence: Hand Detected
Hand Side: Right Hand
Finger Count: 0
Gesture Detected: Right Hand Down
CPU Usage: 22.9%
Memory Usage: 6165 MB
Frames Processed Per Second: 19.62
-------------------------------------------------
Timestamp: 2025-09-29 19:07:48
Hand Presence: Hand Detected
Hand Side: Right Hand
Finger Count: 2
Gesture Detected: Right 2 Fingers
CPU Usage: 12.2%
Memory Usage: 6165 MB
Frames Processed Per Second: 20.05
-------------------------------------------------
Timestamp: 2025-09-29 19:07:48
Hand Presence: Hand Detected
Hand Side: Right Hand
Finger Count: 2
Gesture Detected: Right 2 Fingers
CPU Usage: 14.6%
Memory Usage: 6166 MB
Frames Processed Per Second: 12.13
-------------------------------------------------
Timestamp: 2025-09-29 19:07:48
Hand Presence: Hand Detected
Hand Side: Right Hand
Finger Count: 4
Gesture Detected: Right Four Fingers
CPU Usage: 41.7%
Memory Usage: 6161 MB
Frames Processed Per Second: 21.99
-------------------------------------------------
Timestamp: 2025-09-29 19:07:48
Hand Presence: Hand Detected
Hand Side: Right Hand
Finger Count: 4
Gesture Detected: Right Four Fingers
CPU Usage: 29.8%
Memory Usage: 6161 MB
Frames Processed Per Second: 15.15
-------------------------------------------------
Timestamp: 2025-09-29 19:07:48
Hand Presence: Hand Detected
Hand Side: Right Hand
Finger Count: 1
Gesture Detected: Right Thumbs Up
CPU Usage: 39.1%
Memory Usage: 6162 MB
Frames Processed Per Second: 8.8
-------------------------------------------------
Timestamp: 2025-09-29 19:07:48
Hand Presence: Hand Detected
Hand Side: Right Hand
Finger Count: 1
Gesture Detected: Right Thumbs Up
CPU Usage: 40.2%
Memory Usage: 6161 MB
Frames Processed Per Second: 8.28
-------------------------------------------------
Timestamp: 2025-09-29 19:07:48
Hand Presence: Hand Detected
Hand Side: Right Hand
Finger Count: 1
Gesture Detected: Right Thumbs Up
CPU Usage: 37.5%
Memory Usage: 6157 MB
Frames Processed Per Second: 9.12
-------------------------------------------------
Timestamp: 2025-09-29 19:07:48
Hand Presence: Hand Detected
Hand Side: Right Hand
Finger Count: 1
Gesture Detected: Right Thumbs Up
CPU Usage: 34.7%
Memory Usage: 6164 MB
Frames Processed Per Second: 11.0
-------------------------------------------------
Timestamp: 2025-09-29 19:07:48
Hand Presence: Hand Detected
Hand Side: Right Hand
Finger Count: 1
Gesture Detected: Right Thumbs Up
CPU Usage: 52.7%
Memory Usage: 6163 MB
Frames Processed Per Second: 9.97
-------------------------------------------------
Timestamp: 2025-09-29 19:07:48
Hand Presence: Hand Detected
Hand Side: Right Hand
Finger Count: 1
Gesture Detected: Right Thumbs Up
CPU Usage: 39.3%
Memory Usage: 6163 MB
Frames Processed Per Second: 13.02
-------------------------------------------------
Timestamp: 2025-09-29 19:07:48
Hand Presence: Hand Detected
Hand Side: Right Hand
Finger Count: 1
Gesture Detected: Right Thumbs Up
CPU Usage: 37.3%
Memory Usage: 6163 MB
Frames Processed Per Second: 11.96
-------------------------------------------------
Timestamp: 2025-09-29 19:07:49
Hand Presence: Hand Detected
Hand Side: Right Hand
Finger Count: 1
Gesture Detected: Right Thumbs Up
CPU Usage: 34.4%
Memory Usage: 6161 MB
Frames Processed Per Second: 11.63
-------------------------------------------------
Timestamp: 2025-09-29 19:07:49
Hand Presence: Hand Detected
Hand Side: Right Hand
Finger Count: 1
Gesture Detected: Right Thumbs Up
CPU Usage: 23.8%
Memory Usage: 6162 MB
Frames Processed Per Second: 11.92
-------------------------------------------------
Timestamp: 2025-09-29 19:07:49
Hand Presence: Hand Detected
Hand Side: Right Hand
Finger Count: 1
Gesture Detected: Right Thumbs Up
CPU Usage: 34.4%
Memory Usage: 6162 MB
Frames Processed Per Second: 14.08
-------------------------------------------------
Timestamp: 2025-09-29 19:07:49
Hand Presence: Hand Detected
Hand Side: Right Hand
Finger Count: 2
Gesture Detected: Right 2 Fingers
CPU Usage: 22.2%
Memory Usage: 6162 MB
Frames Processed Per Second: 12.32
-------------------------------------------------
Timestamp: 2025-09-29 19:07:49
Hand Presence: Hand Detected
Hand Side: Right Hand
Finger Count: 2
Gesture Detected: Right 2 Fingers
CPU Usage: 23.3%
Memory Usage: 6162 MB
Frames Processed Per Second: 13.34
-------------------------------------------------
Timestamp: 2025-09-29 19:07:49
Hand Presence: Hand Detected
Hand Side: Right Hand
Finger Count: 1
Gesture Detected: Right Thumbs Up
CPU Usage: 25.4%
Memory Usage: 6162 MB
Frames Processed Per Second: 12.58
-------------------------------------------------
Timestamp: 2025-09-29 19:07:49
Hand Presence: Hand Detected
Hand Side: Right Hand
Finger Count: 1
Gesture Detected: Right Thumbs Up
CPU Usage: 25.0%
Memory Usage: 6155 MB
Frames Processed Per Second: 10.85
-------------------------------------------------
Timestamp: 2025-09-29 19:07:49
Hand Presence: Hand Detected
Hand Side: Right Hand
Finger Count: 1
Gesture Detected: Right Thumbs Up
CPU Usage: 25.2%
Memory Usage: 6159 MB
Frames Processed Per Second: 11.76
-------------------------------------------------
Timestamp: 2025-09-29 19:07:49
Hand Presence: Hand Detected
Hand Side: Right Hand
Finger Count: 1
Gesture Detected: Right Thumbs Up
CPU Usage: 32.3%
Memory Usage: 6158 MB
Frames Processed Per Second: 12.35
-------------------------------------------------
Timestamp: 2025-09-29 19:07:49
Hand Presence: Hand Detected
Hand Side: Right Hand
Finger Count: 1
Gesture Detected: Right Thumbs Up
CPU Usage: 20.4%
Memory Usage: 6158 MB
Frames Processed Per Second: 13.27
-------------------------------------------------
Timestamp: 2025-09-29 19:07:49
Hand Presence: Hand Detected
Hand Side: Right Hand
Finger Count: 1
Gesture Detected: Right Thumbs Up
CPU Usage: 27.3%
Memory Usage: 6158 MB
Frames Processed Per Second: 12.13
-------------------------------------------------
Timestamp: 2025-09-29 19:07:50
Hand Presence: Hand Detected
Hand Side: Right Hand
Finger Count: 3
Gesture Detected: Right Three Fingers
CPU Usage: 20.8%
Memory Usage: 6159 MB
Frames Processed Per Second: 12.78
-------------------------------------------------
Timestamp: 2025-09-29 19:07:50
Hand Presence: Hand Detected
Hand Side: Right Hand
Finger Count: 2
Gesture Detected: Right Two Fingers
CPU Usage: 24.7%
Memory Usage: 6159 MB
Frames Processed Per Second: 12.74
-------------------------------------------------
Timestamp: 2025-09-29 19:07:50
Hand Presence: Hand Detected
Hand Side: Right Hand
Finger Count: 2
Gesture Detected: Right Two Fingers
CPU Usage: 26.9%
Memory Usage: 6159 MB
Frames Processed Per Second: 12.19
-------------------------------------------------
Timestamp: 2025-09-29 19:07:50
Hand Presence: Hand Detected
Hand Side: Right Hand
Finger Count: 2
Gesture Detected: Right Two Fingers
CPU Usage: 18.2%
Memory Usage: 6159 MB
Frames Processed Per Second: 15.07
-------------------------------------------------
Timestamp: 2025-09-29 19:07:50
Hand Presence: Hand Detected
Hand Side: Right Hand
Finger Count: 2
Gesture Detected: Right Two Fingers
CPU Usage: 36.1%
Memory Usage: 6156 MB
Frames Processed Per Second: 12.24
-------------------------------------------------
Timestamp: 2025-09-29 19:07:50
Hand Presence: Hand Detected
Hand Side: Right Hand
Finger Count: 2
Gesture Detected: Right Two Fingers
CPU Usage: 32.6%
Memory Usage: 6153 MB
Frames Processed Per Second: 9.38
-------------------------------------------------
Timestamp: 2025-09-29 19:07:50
Hand Presence: Hand Detected
Hand Side: Right Hand
Finger Count: 2
Gesture Detected: Right Two Fingers
CPU Usage: 0.0%
Memory Usage: 6153 MB
Frames Processed Per Second: 9.38
-------------------------------------------------
Timestamp: 2025-09-29 19:07:50
Hand Presence: Hand Detected
Hand Side: Right Hand
Finger Count: 2
Gesture Detected: Right Two Fingers
CPU Usage: 40.5%
Memory Usage: 6154 MB
Frames Processed Per Second: 17.58
-------------------------------------------------
Timestamp: 2025-09-29 19:07:50
Hand Presence: Hand Detected
Hand Side: Right Hand
Finger Count: 2
Gesture Detected: Right Two Fingers
CPU Usage: 26.3%
Memory Usage: 6160 MB
Frames Processed Per Second: 7.66
-------------------------------------------------
Timestamp: 2025-09-29 19:07:50
Hand Presence: Hand Detected
Hand Side: Right Hand
Finger Count: 2
Gesture Detected: Right Two Fingers
CPU Usage: 25.0%
Memory Usage: 6160 MB
Frames Processed Per Second: 7.66
-------------------------------------------------
Timestamp: 2025-09-29 19:07:50
Hand Presence: Hand Detected
Hand Side: Right Hand
Finger Count: 2
Gesture Detected: Right Two Fingers
CPU Usage: 20.0%
Memory Usage: 6160 MB
Frames Processed Per Second: 21.63
-------------------------------------------------
Timestamp: 2025-09-29 19:07:50
Hand Presence: Hand Detected
Hand Side: Right Hand
Finger Count: 2
Gesture Detected: Right Two Fingers
CPU Usage: 18.3%
Memory Usage: 6161 MB
Frames Processed Per Second: 12.08
-------------------------------------------------
Timestamp: 2025-09-29 19:07:50
Hand Presence: Hand Detected
Hand Side: Right Hand
Finger Count: 2
Gesture Detected: Right Two Fingers
CPU Usage: 0.0%
Memory Usage: 6161 MB
Frames Processed Per Second: 12.08
-------------------------------------------------
Timestamp: 2025-09-29 19:07:50
Hand Presence: Hand Detected
Hand Side: Right Hand
Finger Count: 2
Gesture Detected: Right Two Fingers
CPU Usage: 27.0%
Memory Usage: 6161 MB
Frames Processed Per Second: 20.15
-------------------------------------------------
Timestamp: 2025-09-29 19:07:50
Hand Presence: Hand Detected
Hand Side: Right Hand
Finger Count: 2
Gesture Detected: Right Two Fingers
CPU Usage: 26.8%
Memory Usage: 6155 MB
Frames Processed Per Second: 11.96
-------------------------------------------------
Timestamp: 2025-09-29 19:07:51
Hand Presence: Hand Detected
Hand Side: Right Hand
Finger Count: 2
Gesture Detected: Right Two Fingers
CPU Usage: 22.4%
Memory Usage: 6155 MB
Frames Processed Per Second: 12.38
-------------------------------------------------
Timestamp: 2025-09-29 19:07:51
Hand Presence: Hand Detected
Hand Side: Right Hand
Finger Count: 0
Gesture Detected: Right Hand Down
CPU Usage: 29.9%
Memory Usage: 6156 MB
Frames Processed Per Second: 10.3
-------------------------------------------------
Timestamp: 2025-09-29 19:07:51
Hand Presence: Hand Detected
Hand Side: Right Hand
Finger Count: 2
Gesture Detected: Right Two Fingers
CPU Usage: 0.0%
Memory Usage: 6156 MB
Frames Processed Per Second: 10.3
-------------------------------------------------
Timestamp: 2025-09-29 19:07:51
Hand Presence: Hand Detected
Hand Side: Right Hand
Finger Count: 3
Gesture Detected: Right Three Fingers
CPU Usage: 27.0%
Memory Usage: 6156 MB
Frames Processed Per Second: 20.16
-------------------------------------------------
Timestamp: 2025-09-29 19:07:51
Hand Presence: Hand Detected
Hand Side: Right Hand
Finger Count: 2
Gesture Detected: Right Two Fingers
CPU Usage: 40.6%
Memory Usage: 6194 MB
Frames Processed Per Second: 7.2
-------------------------------------------------
Timestamp: 2025-09-29 19:07:51
Hand Presence: Hand Detected
Hand Side: Right Hand
Finger Count: 2
Gesture Detected: Right Two Fingers
CPU Usage: 20.0%
Memory Usage: 6195 MB
Frames Processed Per Second: 7.2
-------------------------------------------------
Timestamp: 2025-09-29 19:07:51
Hand Presence: Hand Detected
Hand Side: Left Hand
Finger Count: 4
Gesture Detected: Left Four Fingers
CPU Usage: 54.5%
Memory Usage: 6249 MB
Frames Processed Per Second: 11.48
-------------------------------------------------
Timestamp: 2025-09-29 19:07:51
Hand Presence: Hand Detected
Hand Side: Right Hand
Finger Count: 3
Gesture Detected: Right Three Fingers
CPU Usage: 64.9%
Memory Usage: 6266 MB
Frames Processed Per Second: 10.65
-------------------------------------------------
Timestamp: 2025-09-29 19:07:51
Hand Presence: Hand Detected
Hand Side: Right Hand
Finger Count: 1
Gesture Detected: Right Thumbs Down
CPU Usage: 70.7%
Memory Usage: 6274 MB
Frames Processed Per Second: 5.64
-------------------------------------------------
Timestamp: 2025-09-29 19:07:51
Hand Presence: Hand Detected
Hand Side: Right Hand
Finger Count: 1
Gesture Detected: Right Thumbs Down
CPU Usage: 76.0%
Memory Usage: 6289 MB
Frames Processed Per Second: 8.01
-------------------------------------------------
Timestamp: 2025-09-29 19:07:51
Hand Presence: Hand Detected
Hand Side: Right Hand
Finger Count: 1
Gesture Detected: Right Thumbs Down
CPU Usage: 100.0%
Memory Usage: 6317 MB
Frames Processed Per Second: 7.2
-------------------------------------------------
Timestamp: 2025-09-29 19:07:52
Hand Presence: Hand Detected
Hand Side: Right Hand
Finger Count: 1
Gesture Detected: Right Thumbs Down
CPU Usage: 80.6%
Memory Usage: 6321 MB
Frames Processed Per Second: 7.68
-------------------------------------------------
Timestamp: 2025-09-29 19:07:52
Hand Presence: Hand Detected
Hand Side: Right Hand
Finger Count: 1
Gesture Detected: Right Thumbs Down
CPU Usage: 98.8%
Memory Usage: 6322 MB
Frames Processed Per Second: 8.8
-------------------------------------------------
Timestamp: 2025-09-29 19:07:52
Hand Presence: Hand Detected
Hand Side: Right Hand
Finger Count: 1
Gesture Detected: Right Thumbs Down
CPU Usage: 78.3%
Memory Usage: 6321 MB
Frames Processed Per Second: 6.72
-------------------------------------------------
Timestamp: 2025-09-29 19:07:52
Hand Presence: Hand Detected
Hand Side: Right Hand
Finger Count: 1
Gesture Detected: Right Thumbs Down
CPU Usage: 78.7%
Memory Usage: 6319 MB
Frames Processed Per Second: 9.88
-------------------------------------------------
Timestamp: 2025-09-29 19:07:52
Hand Presence: Hand Detected
Hand Side: Right Hand
Finger Count: 1
Gesture Detected: Right Thumbs Down
CPU Usage: 96.4%
Memory Usage: 6269 MB
Frames Processed Per Second: 7.17
-------------------------------------------------
Timestamp: 2025-09-29 19:07:52
Hand Presence: Hand Detected
Hand Side: Right Hand
Finger Count: 1
Gesture Detected: Right Thumbs Down
CPU Usage: 67.9%
Memory Usage: 6275 MB
Frames Processed Per Second: 9.2
-------------------------------------------------
Timestamp: 2025-09-29 19:07:52
Hand Presence: Hand Detected
Hand Side: Left Hand
Finger Count: 0
Gesture Detected: Left Hand Down
CPU Usage: 95.3%
Memory Usage: 6247 MB
Frames Processed Per Second: 9.66
-------------------------------------------------
Timestamp: 2025-09-29 19:07:52
Hand Presence: Hand Detected
Hand Side: Left Hand
Finger Count: 4
Gesture Detected: Left Four Fingers
CPU Usage: 65.9%
Memory Usage: 6249 MB
Frames Processed Per Second: 8.17
-------------------------------------------------
Timestamp: 2025-09-29 19:07:53
Hand Presence: Hand Detected
Hand Side: Left Hand
Finger Count: 2
Gesture Detected: Left 2 Fingers
CPU Usage: 67.1%
Memory Usage: 6248 MB
Frames Processed Per Second: 10.58
-------------------------------------------------
Timestamp: 2025-09-29 19:07:53
Hand Presence: Hand Detected
Hand Side: Right Hand
Finger Count: 1
Gesture Detected: Right Thumbs Down
CPU Usage: 25.5%
Memory Usage: 6248 MB
Frames Processed Per Second: 6.62
-------------------------------------------------
Timestamp: 2025-09-29 19:07:53
Hand Presence: Hand Detected
Hand Side: Left Hand
Finger Count: 2
Gesture Detected: Left 2 Fingers
CPU Usage: 11.1%
Memory Usage: 6248 MB
Frames Processed Per Second: 6.62
-------------------------------------------------
Timestamp: 2025-09-29 19:07:53
Hand Presence: Hand Detected
Hand Side: Right Hand
Finger Count: 2
Gesture Detected: Right 2 Fingers
CPU Usage: 21.2%
Memory Usage: 6249 MB
Frames Processed Per Second: 12.22
-------------------------------------------------
Timestamp: 2025-09-29 19:07:53
Hand Presence: Hand Detected
Hand Side: Left Hand
Finger Count: 1
Gesture Detected: Left Thumbs Down
CPU Usage: 0.0%
Memory Usage: 6249 MB
Frames Processed Per Second: 12.22
-------------------------------------------------
Timestamp: 2025-09-29 19:07:53
Hand Presence: Hand Detected
Hand Side: Right Hand
Finger Count: 2
Gesture Detected: Right 2 Fingers
CPU Usage: 23.3%
Memory Usage: 6249 MB
Frames Processed Per Second: 15.21
-------------------------------------------------
Timestamp: 2025-09-29 19:07:53
Hand Presence: Hand Detected
Hand Side: Left Hand
Finger Count: 1
Gesture Detected: Left Thumbs Down
CPU Usage: 0.0%
Memory Usage: 6249 MB
Frames Processed Per Second: 15.21
-------------------------------------------------
Timestamp: 2025-09-29 19:07:53
Hand Presence: Hand Detected
Hand Side: Right Hand
Finger Count: 1
Gesture Detected: Right Thumbs Down
CPU Usage: 27.9%
Memory Usage: 6237 MB
Frames Processed Per Second: 11.66
-------------------------------------------------
Timestamp: 2025-09-29 19:07:53
Hand Presence: Hand Detected
Hand Side: Left Hand
Finger Count: 1
Gesture Detected: Left Thumbs Down
CPU Usage: 0.0%
Memory Usage: 6237 MB
Frames Processed Per Second: 11.66
-------------------------------------------------
Timestamp: 2025-09-29 19:07:53
Hand Presence: Hand Detected
Hand Side: Right Hand
Finger Count: 1
Gesture Detected: Right Thumbs Down
CPU Usage: 32.1%
Memory Usage: 6237 MB
Frames Processed Per Second: 13.27
-------------------------------------------------
Timestamp: 2025-09-29 19:07:53
Hand Presence: Hand Detected
Hand Side: Left Hand
Finger Count: 1
Gesture Detected: Left Thumbs Down
CPU Usage: 0.0%
Memory Usage: 6237 MB
Frames Processed Per Second: 13.27
-------------------------------------------------
Timestamp: 2025-09-29 19:07:53
Hand Presence: Hand Detected
Hand Side: Right Hand
Finger Count: 1
Gesture Detected: Right Thumbs Down
CPU Usage: 48.8%
Memory Usage: 6237 MB
Frames Processed Per Second: 15.08
-------------------------------------------------
Timestamp: 2025-09-29 19:07:53
Hand Presence: Hand Detected
Hand Side: Left Hand
Finger Count: 1
Gesture Detected: Left Thumbs Down
CPU Usage: 0.0%
Memory Usage: 6237 MB
Frames Processed Per Second: 15.08
-------------------------------------------------
Timestamp: 2025-09-29 19:07:53
Hand Presence: Hand Detected
Hand Side: Right Hand
Finger Count: 1
Gesture Detected: Right Thumbs Down
CPU Usage: 36.5%
Memory Usage: 6237 MB
Frames Processed Per Second: 13.0
-------------------------------------------------
Timestamp: 2025-09-29 19:07:53
Hand Presence: Hand Detected
Hand Side: Left Hand
Finger Count: 1
Gesture Detected: Left Thumbs Down
CPU Usage: 0.0%
Memory Usage: 6237 MB
Frames Processed Per Second: 13.0
-------------------------------------------------
Timestamp: 2025-09-29 19:07:53
Hand Presence: Hand Detected
Hand Side: Right Hand
Finger Count: 1
Gesture Detected: Right Thumbs Down
CPU Usage: 26.2%
Memory Usage: 6236 MB
Frames Processed Per Second: 12.05
-------------------------------------------------
Timestamp: 2025-09-29 19:07:53
Hand Presence: Hand Detected
Hand Side: Left Hand
Finger Count: 1
Gesture Detected: Left Thumbs Down
CPU Usage: 0.0%
Memory Usage: 6236 MB
Frames Processed Per Second: 12.05
-------------------------------------------------
Timestamp: 2025-09-29 19:07:54
Hand Presence: Hand Detected
Hand Side: Right Hand
Finger Count: 1
Gesture Detected: Right Thumbs Down
CPU Usage: 38.2%
Memory Usage: 6236 MB
Frames Processed Per Second: 13.83
-------------------------------------------------
Timestamp: 2025-09-29 19:07:54
Hand Presence: Hand Detected
Hand Side: Left Hand
Finger Count: 1
Gesture Detected: Left Thumbs Down
CPU Usage: 0.0%
Memory Usage: 6236 MB
Frames Processed Per Second: 13.83
-------------------------------------------------
Timestamp: 2025-09-29 19:07:54
Hand Presence: Hand Detected
Hand Side: Right Hand
Finger Count: 1
Gesture Detected: Right Thumbs Down
CPU Usage: 45.9%
Memory Usage: 6237 MB
Frames Processed Per Second: 12.47
-------------------------------------------------
Timestamp: 2025-09-29 19:07:54
Hand Presence: Hand Detected
Hand Side: Left Hand
Finger Count: 1
Gesture Detected: Left Thumbs Down
CPU Usage: 0.0%
Memory Usage: 6237 MB
Frames Processed Per Second: 12.47
-------------------------------------------------
Timestamp: 2025-09-29 19:07:54
Hand Presence: Hand Detected
Hand Side: Right Hand
Finger Count: 1
Gesture Detected: Right Thumbs Down
CPU Usage: 37.7%
Memory Usage: 6237 MB
Frames Processed Per Second: 12.48
-------------------------------------------------
Timestamp: 2025-09-29 19:07:54
Hand Presence: Hand Detected
Hand Side: Left Hand
Finger Count: 1
Gesture Detected: Left Thumbs Down
CPU Usage: 0.0%
Memory Usage: 6237 MB
Frames Processed Per Second: 12.48
-------------------------------------------------
Timestamp: 2025-09-29 19:07:54
Hand Presence: Hand Detected
Hand Side: Right Hand
Finger Count: 1
Gesture Detected: Right Thumbs Down
CPU Usage: 37.9%
Memory Usage: 6238 MB
Frames Processed Per Second: 16.83
-------------------------------------------------
Timestamp: 2025-09-29 19:07:54
Hand Presence: Hand Detected
Hand Side: Left Hand
Finger Count: 1
Gesture Detected: Left Thumbs Down
CPU Usage: 0.0%
Memory Usage: 6238 MB
Frames Processed Per Second: 16.83
-------------------------------------------------
Timestamp: 2025-09-29 19:07:54
Hand Presence: Hand Detected
Hand Side: Right Hand
Finger Count: 1
Gesture Detected: Right Thumbs Down
CPU Usage: 40.7%
Memory Usage: 6241 MB
Frames Processed Per Second: 11.62
-------------------------------------------------
Timestamp: 2025-09-29 19:07:54
Hand Presence: Hand Detected
Hand Side: Left Hand
Finger Count: 1
Gesture Detected: Left Thumbs Down
CPU Usage: 0.0%
Memory Usage: 6241 MB
Frames Processed Per Second: 11.62
-------------------------------------------------
Timestamp: 2025-09-29 19:07:54
Hand Presence: Hand Detected
Hand Side: Right Hand
Finger Count: 1
Gesture Detected: Right Thumbs Down
CPU Usage: 29.4%
Memory Usage: 6242 MB
Frames Processed Per Second: 13.07
-------------------------------------------------
Timestamp: 2025-09-29 19:07:54
Hand Presence: Hand Detected
Hand Side: Left Hand
Finger Count: 1
Gesture Detected: Left Thumbs Down
CPU Usage: 0.0%
Memory Usage: 6242 MB
Frames Processed Per Second: 13.07
-------------------------------------------------
Timestamp: 2025-09-29 19:07:54
Hand Presence: Hand Detected
Hand Side: Right Hand
Finger Count: 1
Gesture Detected: Right Thumbs Down
CPU Usage: 46.6%
Memory Usage: 6237 MB
Frames Processed Per Second: 11.47
-------------------------------------------------
Timestamp: 2025-09-29 19:07:54
Hand Presence: Hand Detected
Hand Side: Left Hand
Finger Count: 1
Gesture Detected: Left Thumbs Down
CPU Usage: 0.0%
Memory Usage: 6237 MB
Frames Processed Per Second: 11.47
-------------------------------------------------
Timestamp: 2025-09-29 19:07:54
Hand Presence: Hand Detected
Hand Side: Right Hand
Finger Count: 1
Gesture Detected: Right Thumbs Down
CPU Usage: 27.6%
Memory Usage: 6236 MB
Frames Processed Per Second: 8.67
-------------------------------------------------
Timestamp: 2025-09-29 19:07:54
Hand Presence: Hand Detected
Hand Side: Left Hand
Finger Count: 1
Gesture Detected: Left Thumbs Down
CPU Usage: 0.0%
Memory Usage: 6237 MB
Frames Processed Per Second: 8.67
-------------------------------------------------
Timestamp: 2025-09-29 19:07:54
Hand Presence: Hand Detected
Hand Side: Right Hand
Finger Count: 1
Gesture Detected: Right Thumbs Down
CPU Usage: 38.4%
Memory Usage: 6243 MB
Frames Processed Per Second: 9.79
-------------------------------------------------
Timestamp: 2025-09-29 19:07:54
Hand Presence: Hand Detected
Hand Side: Left Hand
Finger Count: 1
Gesture Detected: Left Thumbs Down
CPU Usage: 0.0%
Memory Usage: 6243 MB
Frames Processed Per Second: 9.79
-------------------------------------------------
Timestamp: 2025-09-29 19:07:54
Hand Presence: Hand Detected
Hand Side: Left Hand
Finger Count: 1
Gesture Detected: Left Thumbs Up
CPU Usage: 44.2%
Memory Usage: 6242 MB
Frames Processed Per Second: 10.83
-------------------------------------------------
Timestamp: 2025-09-29 19:07:54
Hand Presence: Hand Detected
Hand Side: Left Hand
Finger Count: 1
Gesture Detected: Left Thumbs Up
CPU Usage: 33.3%
Memory Usage: 6242 MB
Frames Processed Per Second: 9.29
-------------------------------------------------
Timestamp: 2025-09-29 19:07:54
Hand Presence: Hand Detected
Hand Side: Left Hand
Finger Count: 1
Gesture Detected: Left Thumbs Up
CPU Usage: 34.7%
Memory Usage: 6239 MB
Frames Processed Per Second: 10.29
-------------------------------------------------
Timestamp: 2025-09-29 19:07:55
Hand Presence: Hand Detected
Hand Side: Left Hand
Finger Count: 0
Gesture Detected: Left Hand Down
CPU Usage: 20.5%
Memory Usage: 6238 MB
Frames Processed Per Second: 10.78
-------------------------------------------------
Timestamp: 2025-09-29 19:07:55
Hand Presence: Hand Detected
Hand Side: Left Hand
Finger Count: 0
Gesture Detected: Left Hand Down
CPU Usage: 23.2%
Memory Usage: 6239 MB
Frames Processed Per Second: 10.11
-------------------------------------------------
Timestamp: 2025-09-29 19:07:55
Hand Presence: Hand Detected
Hand Side: Left Hand
Finger Count: 1
Gesture Detected: Left Thumbs Up
CPU Usage: 20.2%
Memory Usage: 6238 MB
Frames Processed Per Second: 8.8
-------------------------------------------------
Timestamp: 2025-09-29 19:07:55
Hand Presence: Hand Detected
Hand Side: Left Hand
Finger Count: 1
Gesture Detected: Left 1 Fingers
CPU Usage: 26.8%
Memory Usage: 6237 MB
Frames Processed Per Second: 10.14
-------------------------------------------------
Timestamp: 2025-09-29 19:07:55
Hand Presence: Hand Detected
Hand Side: Left Hand
Finger Count: 0
Gesture Detected: Left Hand Down
CPU Usage: 33.3%
Memory Usage: 6237 MB
Frames Processed Per Second: 7.98
-------------------------------------------------
Timestamp: 2025-09-29 19:07:55
Hand Presence: Hand Detected
Hand Side: Left Hand
Finger Count: 1
Gesture Detected: Left 1 Fingers
CPU Usage: 28.9%
Memory Usage: 6237 MB
Frames Processed Per Second: 11.12
-------------------------------------------------
Timestamp: 2025-09-29 19:07:55
Hand Presence: Hand Detected
Hand Side: Left Hand
Finger Count: 1
Gesture Detected: Left Thumbs Up
CPU Usage: 34.3%
Memory Usage: 6238 MB
Frames Processed Per Second: 10.38
-------------------------------------------------
Timestamp: 2025-09-29 19:07:55
Hand Presence: Hand Detected
Hand Side: Left Hand
Finger Count: 2
Gesture Detected: Left 2 Fingers
CPU Usage: 34.9%
Memory Usage: 6239 MB
Frames Processed Per Second: 12.22
-------------------------------------------------
Timestamp: 2025-09-29 19:07:55
Hand Presence: Hand Detected
Hand Side: Left Hand
Finger Count: 2
Gesture Detected: Left 2 Fingers
CPU Usage: 24.5%
Memory Usage: 6237 MB
Frames Processed Per Second: 15.81
-------------------------------------------------
Timestamp: 2025-09-29 19:07:55
Hand Presence: Hand Detected
Hand Side: Left Hand
Finger Count: 3
Gesture Detected: Left Three Fingers
CPU Usage: 20.8%
Memory Usage: 6238 MB
Frames Processed Per Second: 16.16
-------------------------------------------------
Timestamp: 2025-09-29 19:07:55
Hand Presence: Hand Detected
Hand Side: Left Hand
Finger Count: 2
Gesture Detected: Left 2 Fingers
CPU Usage: 22.6%
Memory Usage: 6238 MB
Frames Processed Per Second: 15.18
-------------------------------------------------
Timestamp: 2025-09-29 19:07:56
Hand Presence: Hand Detected
Hand Side: Left Hand
Finger Count: 3
Gesture Detected: Left Three Fingers
CPU Usage: 20.0%
Memory Usage: 6239 MB
Frames Processed Per Second: 12.43
-------------------------------------------------
Timestamp: 2025-09-29 19:07:56
Hand Presence: Hand Detected
Hand Side: Left Hand
Finger Count: 3
Gesture Detected: Left Three Fingers
CPU Usage: 27.9%
Memory Usage: 6240 MB
Frames Processed Per Second: 12.18
-------------------------------------------------
Timestamp: 2025-09-29 19:07:56
Hand Presence: Hand Detected
Hand Side: Left Hand
Finger Count: 2
Gesture Detected: Left 2 Fingers
CPU Usage: 21.7%
Memory Usage: 6240 MB
Frames Processed Per Second: 12.14
-------------------------------------------------
Timestamp: 2025-09-29 19:07:56
Hand Presence: Hand Detected
Hand Side: Left Hand
Finger Count: 2
Gesture Detected: Left 2 Fingers
CPU Usage: 16.9%
Memory Usage: 6240 MB
Frames Processed Per Second: 12.28
-------------------------------------------------
Timestamp: 2025-09-29 19:07:56
Hand Presence: Hand Detected
Hand Side: Left Hand
Finger Count: 2
Gesture Detected: Left 2 Fingers
CPU Usage: 31.2%
Memory Usage: 6235 MB
Frames Processed Per Second: 17.69
-------------------------------------------------
Timestamp: 2025-09-29 19:07:56
Hand Presence: Hand Detected
Hand Side: Left Hand
Finger Count: 2
Gesture Detected: Left 2 Fingers
CPU Usage: 23.8%
Memory Usage: 6235 MB
Frames Processed Per Second: 12.24
-------------------------------------------------
Timestamp: 2025-09-29 19:07:56
Hand Presence: Hand Detected
Hand Side: Left Hand
Finger Count: 2
Gesture Detected: Left 2 Fingers
CPU Usage: 25.4%
Memory Usage: 6235 MB
Frames Processed Per Second: 12.26
-------------------------------------------------
Timestamp: 2025-09-29 19:07:56
Hand Presence: Hand Detected
Hand Side: Left Hand
Finger Count: 1
Gesture Detected: Left Thumbs Up
CPU Usage: 28.8%
Memory Usage: 6232 MB
Frames Processed Per Second: 15.26
-------------------------------------------------
Timestamp: 2025-09-29 19:07:56
Hand Presence: Hand Detected
Hand Side: Left Hand
Finger Count: 2
Gesture Detected: Left 2 Fingers
CPU Usage: 41.4%
Memory Usage: 6238 MB
Frames Processed Per Second: 8.74
-------------------------------------------------
Timestamp: 2025-09-29 19:07:56
Hand Presence: Hand Detected
Hand Side: Left Hand
Finger Count: 2
Gesture Detected: Left 2 Fingers
CPU Usage: 47.9%
Memory Usage: 6238 MB
Frames Processed Per Second: 10.3
-------------------------------------------------
Timestamp: 2025-09-29 19:07:56
Hand Presence: Hand Detected
Hand Side: Left Hand
Finger Count: 2
Gesture Detected: Left 2 Fingers
CPU Usage: 41.9%
Memory Usage: 6238 MB
Frames Processed Per Second: 12.65
-------------------------------------------------
Timestamp: 2025-09-29 19:07:56
Hand Presence: Hand Detected
Hand Side: Left Hand
Finger Count: 2
Gesture Detected: Left 2 Fingers
CPU Usage: 26.7%
Memory Usage: 6238 MB
Frames Processed Per Second: 12.54
-------------------------------------------------
Timestamp: 2025-09-29 19:07:57
Hand Presence: Hand Detected
Hand Side: Left Hand
Finger Count: 2
Gesture Detected: Left 2 Fingers
CPU Usage: 13.6%
Memory Usage: 6238 MB
Frames Processed Per Second: 15.24
-------------------------------------------------
Timestamp: 2025-09-29 19:07:57
Hand Presence: Hand Detected
Hand Side: Left Hand
Finger Count: 3
Gesture Detected: Left Three Fingers
CPU Usage: 34.1%
Memory Usage: 6239 MB
Frames Processed Per Second: 11.97
-------------------------------------------------
Timestamp: 2025-09-29 19:07:57
Hand Presence: Hand Detected
Hand Side: Left Hand
Finger Count: 2
Gesture Detected: Left 2 Fingers
CPU Usage: 21.1%
Memory Usage: 6234 MB
Frames Processed Per Second: 11.59
-------------------------------------------------
Timestamp: 2025-09-29 19:07:57
Hand Presence: Hand Detected
Hand Side: Left Hand
Finger Count: 2
Gesture Detected: Left 2 Fingers
CPU Usage: 20.0%
Memory Usage: 6235 MB
Frames Processed Per Second: 18.39
-------------------------------------------------
Timestamp: 2025-09-29 19:07:57
Hand Presence: Hand Detected
Hand Side: Left Hand
Finger Count: 1
Gesture Detected: Left Thumbs Up
CPU Usage: 23.3%
Memory Usage: 6236 MB
Frames Processed Per Second: 10.86
-------------------------------------------------
Timestamp: 2025-09-29 19:07:57
Hand Presence: Hand Detected
Hand Side: Left Hand
Finger Count: 0
Gesture Detected: Left Hand Down
CPU Usage: 15.2%
Memory Usage: 6236 MB
Frames Processed Per Second: 17.94
-------------------------------------------------
Timestamp: 2025-09-29 19:07:57
Hand Presence: Hand Detected
Hand Side: Left Hand
Finger Count: 0
Gesture Detected: Left Hand Down
CPU Usage: 11.3%
Memory Usage: 6237 MB
Frames Processed Per Second: 11.63
-------------------------------------------------
Timestamp: 2025-09-29 19:07:57
Hand Presence: Hand Detected
Hand Side: Left Hand
Finger Count: 0
Gesture Detected: Left Hand Down
CPU Usage: 17.6%
Memory Usage: 6237 MB
Frames Processed Per Second: 14.16
-------------------------------------------------
Timestamp: 2025-09-29 19:07:57
Hand Presence: Hand Detected
Hand Side: Left Hand
Finger Count: 0
Gesture Detected: Left Hand Down
CPU Usage: 26.6%
Memory Usage: 6236 MB
Frames Processed Per Second: 14.32
-------------------------------------------------
Timestamp: 2025-09-29 19:07:57
Hand Presence: Hand Detected
Hand Side: Left Hand
Finger Count: 0
Gesture Detected: Left Hand Down
CPU Usage: 41.7%
Memory Usage: 6237 MB
Frames Processed Per Second: 12.22
-------------------------------------------------
Timestamp: 2025-09-29 19:07:57
Hand Presence: Hand Detected
Hand Side: Left Hand
Finger Count: 0
Gesture Detected: Left Hand Down
CPU Usage: 26.9%
Memory Usage: 6236 MB
Frames Processed Per Second: 11.88
-------------------------------------------------
Timestamp: 2025-09-29 19:07:57
Hand Presence: Hand Detected
Hand Side: Left Hand
Finger Count: 0
Gesture Detected: Left Hand Down
CPU Usage: 30.0%
Memory Usage: 6237 MB
Frames Processed Per Second: 12.18
-------------------------------------------------
Timestamp: 2025-09-29 19:07:57
Hand Presence: Hand Detected
Hand Side: Left Hand
Finger Count: 0
Gesture Detected: Left Hand Down
CPU Usage: 16.7%
Memory Usage: 6237 MB
Frames Processed Per Second: 13.85
-------------------------------------------------
Timestamp: 2025-09-29 19:07:58
Hand Presence: Hand Detected
Hand Side: Left Hand
Finger Count: 0
Gesture Detected: Left Hand Down
CPU Usage: 17.6%
Memory Usage: 6236 MB
Frames Processed Per Second: 14.19
-------------------------------------------------
Timestamp: 2025-09-29 19:07:58
Hand Presence: Hand Detected
Hand Side: Left Hand
Finger Count: 0
Gesture Detected: Left Hand Down
CPU Usage: 20.0%
Memory Usage: 6236 MB
Frames Processed Per Second: 13.16
-------------------------------------------------
Timestamp: 2025-09-29 19:07:58
Hand Presence: Hand Detected
Hand Side: Left Hand
Finger Count: 0
Gesture Detected: Left Hand Down
CPU Usage: 31.1%
Memory Usage: 6230 MB
Frames Processed Per Second: 10.91
-------------------------------------------------
Timestamp: 2025-09-29 19:07:58
Hand Presence: Hand Detected
Hand Side: Left Hand
Finger Count: 0
Gesture Detected: Left Hand Down
CPU Usage: 22.5%
Memory Usage: 6230 MB
Frames Processed Per Second: 8.84
-------------------------------------------------
Timestamp: 2025-09-29 19:07:58
Hand Presence: Hand Detected
Hand Side: Left Hand
Finger Count: 0
Gesture Detected: Left Hand Down
CPU Usage: 24.4%
Memory Usage: 6231 MB
Frames Processed Per Second: 8.46
-------------------------------------------------
Timestamp: 2025-09-29 19:07:58
Hand Presence: Hand Detected
Hand Side: Left Hand
Finger Count: 0
Gesture Detected: Left Hand Down
CPU Usage: 31.4%
Memory Usage: 6231 MB
Frames Processed Per Second: 11.14
-------------------------------------------------
Timestamp: 2025-09-29 19:07:58
Hand Presence: Hand Detected
Hand Side: Left Hand
Finger Count: 0
Gesture Detected: Left Hand Down
CPU Usage: 18.8%
Memory Usage: 6228 MB
Frames Processed Per Second: 15.06
-------------------------------------------------
Timestamp: 2025-09-29 19:07:58
Hand Presence: Hand Detected
Hand Side: Left Hand
Finger Count: 0
Gesture Detected: Left Hand Down
CPU Usage: 14.6%
Memory Usage: 6226 MB
Frames Processed Per Second: 15.36
-------------------------------------------------
Timestamp: 2025-09-29 19:07:58
Hand Presence: Hand Detected
Hand Side: Left Hand
Finger Count: 0
Gesture Detected: Left Hand Down
CPU Usage: 29.5%
Memory Usage: 6227 MB
Frames Processed Per Second: 10.24
-------------------------------------------------
Timestamp: 2025-09-29 19:07:58
Hand Presence: Hand Detected
Hand Side: Left Hand
Finger Count: 1
Gesture Detected: Left Thumbs Up
CPU Usage: 47.8%
Memory Usage: 6201 MB
Frames Processed Per Second: 13.13
-------------------------------------------------
Timestamp: 2025-09-29 19:07:58
Hand Presence: Hand Detected
Hand Side: Left Hand
Finger Count: 0
Gesture Detected: Left Hand Down
CPU Usage: 45.5%
Memory Usage: 6184 MB
Frames Processed Per Second: 10.77
-------------------------------------------------
Timestamp: 2025-09-29 19:07:58
Hand Presence: Hand Detected
Hand Side: Left Hand
Finger Count: 0
Gesture Detected: Left Hand Down
CPU Usage: 55.4%
Memory Usage: 6177 MB
Frames Processed Per Second: 12.17
-------------------------------------------------
Timestamp: 2025-09-29 19:07:59
Hand Presence: Hand Detected
Hand Side: Left Hand
Finger Count: 0
Gesture Detected: Left Hand Down
CPU Usage: 59.1%
Memory Usage: 6160 MB
Frames Processed Per Second: 10.21
-------------------------------------------------
Timestamp: 2025-09-29 19:07:59
Hand Presence: Hand Detected
Hand Side: Left Hand
Finger Count: 0
Gesture Detected: Left Hand Down
CPU Usage: 53.3%
Memory Usage: 6150 MB
Frames Processed Per Second: 9.79
-------------------------------------------------
Timestamp: 2025-09-29 19:07:59
Hand Presence: Hand Detected
Hand Side: Left Hand
Finger Count: 0
Gesture Detected: Left Hand Down
CPU Usage: 54.6%
Memory Usage: 6141 MB
Frames Processed Per Second: 8.64
-------------------------------------------------
Timestamp: 2025-09-29 19:07:59
Hand Presence: Hand Detected
Hand Side: Left Hand
Finger Count: 0
Gesture Detected: Left Hand Down
CPU Usage: 38.1%
Memory Usage: 6135 MB
Frames Processed Per Second: 9.44
-------------------------------------------------
Timestamp: 2025-09-29 19:07:59
Hand Presence: Hand Detected
Hand Side: Left Hand
Finger Count: 0
Gesture Detected: Left Hand Down
CPU Usage: 43.5%
Memory Usage: 6128 MB
Frames Processed Per Second: 10.62
-------------------------------------------------
Timestamp: 2025-09-29 19:07:59
Hand Presence: Hand Detected
Hand Side: Left Hand
Finger Count: 0
Gesture Detected: Left Hand Down
CPU Usage: 40.7%
Memory Usage: 6122 MB
Frames Processed Per Second: 10.12
-------------------------------------------------
Timestamp: 2025-09-29 19:07:59
Hand Presence: Hand Detected
Hand Side: Left Hand
Finger Count: 0
Gesture Detected: Left Hand Down
CPU Usage: 40.5%
Memory Usage: 6116 MB
Frames Processed Per Second: 9.28
-------------------------------------------------
Timestamp: 2025-09-29 19:07:59
Hand Presence: Hand Detected
Hand Side: Left Hand
Finger Count: 0
Gesture Detected: Left Hand Down
CPU Usage: 53.5%
Memory Usage: 6109 MB
Frames Processed Per Second: 10.8
-------------------------------------------------
Timestamp: 2025-09-29 19:07:59
Hand Presence: Hand Detected
Hand Side: Left Hand
Finger Count: 0
Gesture Detected: Left Hand Down
CPU Usage: 33.9%
Memory Usage: 6106 MB
Frames Processed Per Second: 11.8
-------------------------------------------------
Timestamp: 2025-09-29 19:07:59
Hand Presence: Hand Detected
Hand Side: Left Hand
Finger Count: 0
Gesture Detected: Left Hand Down
CPU Usage: 31.5%
Memory Usage: 6098 MB
Frames Processed Per Second: 14.39
-------------------------------------------------
Timestamp: 2025-09-29 19:08:00
Hand Presence: Hand Detected
Hand Side: Left Hand
Finger Count: 0
Gesture Detected: Left Hand Down
CPU Usage: 32.8%
Memory Usage: 6096 MB
Frames Processed Per Second: 13.06
-------------------------------------------------
Timestamp: 2025-09-29 19:08:00
Hand Presence: Hand Detected
Hand Side: Left Hand
Finger Count: 0
Gesture Detected: Left Hand Down
CPU Usage: 25.4%
Memory Usage: 6098 MB
Frames Processed Per Second: 14.03
-------------------------------------------------
Timestamp: 2025-09-29 19:08:00
Hand Presence: Hand Detected
Hand Side: Right Hand
Finger Count: 1
Gesture Detected: Right 1 Fingers
CPU Usage: 23.3%
Memory Usage: 6097 MB
Frames Processed Per Second: 7.76
-------------------------------------------------
Timestamp: 2025-09-29 19:08:00
Hand Presence: Hand Detected
Hand Side: Left Hand
Finger Count: 0
Gesture Detected: Left Hand Down
CPU Usage: 0.0%
Memory Usage: 6097 MB
Frames Processed Per Second: 7.76
-------------------------------------------------
Timestamp: 2025-09-29 19:08:00
Hand Presence: Hand Detected
Hand Side: Right Hand
Finger Count: 5
Gesture Detected: Right Open Hand
CPU Usage: 32.8%
Memory Usage: 6098 MB
Frames Processed Per Second: 10.59
-------------------------------------------------
Timestamp: 2025-09-29 19:08:00
Hand Presence: Hand Detected
Hand Side: Left Hand
Finger Count: 0
Gesture Detected: Left Hand Down
CPU Usage: 66.7%
Memory Usage: 6098 MB
Frames Processed Per Second: 10.59
-------------------------------------------------
Timestamp: 2025-09-29 19:08:00
Hand Presence: Hand Detected
Hand Side: Right Hand
Finger Count: 5
Gesture Detected: Right Open Hand
CPU Usage: 34.1%
Memory Usage: 6095 MB
Frames Processed Per Second: 9.11
-------------------------------------------------
Timestamp: 2025-09-29 19:08:00
Hand Presence: Hand Detected
Hand Side: Left Hand
Finger Count: 0
Gesture Detected: Left Hand Down
CPU Usage: 0.0%
Memory Usage: 6095 MB
Frames Processed Per Second: 9.11
-------------------------------------------------
Timestamp: 2025-09-29 19:08:00
Hand Presence: Hand Detected
Hand Side: Right Hand
Finger Count: 4
Gesture Detected: Right Four Fingers
CPU Usage: 25.0%
Memory Usage: 6096 MB
Frames Processed Per Second: 8.49
-------------------------------------------------
Timestamp: 2025-09-29 19:08:00
Hand Presence: Hand Detected
Hand Side: Left Hand
Finger Count: 0
Gesture Detected: Left Hand Down
CPU Usage: 0.0%
Memory Usage: 6096 MB
Frames Processed Per Second: 8.49
-------------------------------------------------
Timestamp: 2025-09-29 19:08:00
Hand Presence: Hand Detected
Hand Side: Right Hand
Finger Count: 4
Gesture Detected: Right Four Fingers
CPU Usage: 22.7%
Memory Usage: 6089 MB
Frames Processed Per Second: 9.73
-------------------------------------------------
Timestamp: 2025-09-29 19:08:00
Hand Presence: Hand Detected
Hand Side: Left Hand
Finger Count: 0
Gesture Detected: Left Hand Down
CPU Usage: 0.0%
Memory Usage: 6090 MB
Frames Processed Per Second: 9.73
-------------------------------------------------
Timestamp: 2025-09-29 19:08:00
Hand Presence: Hand Detected
Hand Side: Right Hand
Finger Count: 4
Gesture Detected: Right Four Fingers
CPU Usage: 23.3%
Memory Usage: 6103 MB
Frames Processed Per Second: 13.38
-------------------------------------------------
Timestamp: 2025-09-29 19:08:00
Hand Presence: Hand Detected
Hand Side: Left Hand
Finger Count: 0
Gesture Detected: Left Hand Down
CPU Usage: 0.0%
Memory Usage: 6103 MB
Frames Processed Per Second: 13.38
-------------------------------------------------
Timestamp: 2025-09-29 19:08:00
Hand Presence: Hand Detected
Hand Side: Right Hand
Finger Count: 4
Gesture Detected: Right Four Fingers
CPU Usage: 38.0%
Memory Usage: 6103 MB
Frames Processed Per Second: 12.31
-------------------------------------------------
Timestamp: 2025-09-29 19:08:00
Hand Presence: Hand Detected
Hand Side: Left Hand
Finger Count: 0
Gesture Detected: Left Hand Down
CPU Usage: 0.0%
Memory Usage: 6103 MB
Frames Processed Per Second: 12.31
-------------------------------------------------
Timestamp: 2025-09-29 19:08:00
Hand Presence: Hand Detected
Hand Side: Right Hand
Finger Count: 4
Gesture Detected: Right Four Fingers
CPU Usage: 43.5%
Memory Usage: 6103 MB
Frames Processed Per Second: 11.03
-------------------------------------------------
Timestamp: 2025-09-29 19:08:00
Hand Presence: Hand Detected
Hand Side: Left Hand
Finger Count: 0
Gesture Detected: Left Hand Down
CPU Usage: 0.0%
Memory Usage: 6103 MB
Frames Processed Per Second: 11.03
-------------------------------------------------
Timestamp: 2025-09-29 19:08:00
Hand Presence: Hand Detected
Hand Side: Right Hand
Finger Count: 4
Gesture Detected: Right Four Fingers
CPU Usage: 32.6%
Memory Usage: 6103 MB
Frames Processed Per Second: 17.35
-------------------------------------------------
Timestamp: 2025-09-29 19:08:00
Hand Presence: Hand Detected
Hand Side: Left Hand
Finger Count: 0
Gesture Detected: Left Hand Down
CPU Usage: 28.6%
Memory Usage: 6103 MB
Frames Processed Per Second: 17.35
-------------------------------------------------
Timestamp: 2025-09-29 19:08:01
Hand Presence: Hand Detected
Hand Side: Right Hand
Finger Count: 4
Gesture Detected: Right Four Fingers
CPU Usage: 29.1%
Memory Usage: 6101 MB
Frames Processed Per Second: 15.44
-------------------------------------------------
Timestamp: 2025-09-29 19:08:01
Hand Presence: Hand Detected
Hand Side: Left Hand
Finger Count: 0
Gesture Detected: Left Hand Down
CPU Usage: 0.0%
Memory Usage: 6101 MB
Frames Processed Per Second: 15.44
-------------------------------------------------
Timestamp: 2025-09-29 19:08:01
Hand Presence: Hand Detected
Hand Side: Right Hand
Finger Count: 4
Gesture Detected: Right Four Fingers
CPU Usage: 34.3%
Memory Usage: 6101 MB
Frames Processed Per Second: 9.95
-------------------------------------------------
Timestamp: 2025-09-29 19:08:01
Hand Presence: Hand Detected
Hand Side: Left Hand
Finger Count: 0
Gesture Detected: Left Hand Down
CPU Usage: 42.9%
Memory Usage: 6101 MB
Frames Processed Per Second: 9.95
-------------------------------------------------
Timestamp: 2025-09-29 19:08:01
Hand Presence: Hand Detected
Hand Side: Right Hand
Finger Count: 4
Gesture Detected: Right Four Fingers
CPU Usage: 27.8%
Memory Usage: 6101 MB
Frames Processed Per Second: 13.34
-------------------------------------------------
Timestamp: 2025-09-29 19:08:01
Hand Presence: Hand Detected
Hand Side: Left Hand
Finger Count: 0
Gesture Detected: Left Hand Down
CPU Usage: 0.0%
Memory Usage: 6101 MB
Frames Processed Per Second: 13.34
-------------------------------------------------
Timestamp: 2025-09-29 19:08:01
Hand Presence: Hand Detected
Hand Side: Right Hand
Finger Count: 4
Gesture Detected: Right Four Fingers
CPU Usage: 16.7%
Memory Usage: 6099 MB
Frames Processed Per Second: 15.27
-------------------------------------------------
Timestamp: 2025-09-29 19:08:01
Hand Presence: Hand Detected
Hand Side: Left Hand
Finger Count: 0
Gesture Detected: Left Hand Down
CPU Usage: 0.0%
Memory Usage: 6099 MB
Frames Processed Per Second: 15.27
-------------------------------------------------
Timestamp: 2025-09-29 19:08:01
Hand Presence: Hand Detected
Hand Side: Right Hand
Finger Count: 4
Gesture Detected: Right Four Fingers
CPU Usage: 20.5%
Memory Usage: 6093 MB
Frames Processed Per Second: 16.3
-------------------------------------------------
Timestamp: 2025-09-29 19:08:01
Hand Presence: Hand Detected
Hand Side: Left Hand
Finger Count: 0
Gesture Detected: Left Hand Down
CPU Usage: 0.0%
Memory Usage: 6093 MB
Frames Processed Per Second: 16.3
-------------------------------------------------
Timestamp: 2025-09-29 19:08:01
Hand Presence: Hand Detected
Hand Side: Right Hand
Finger Count: 4
Gesture Detected: Right Four Fingers
CPU Usage: 16.3%
Memory Usage: 6090 MB
Frames Processed Per Second: 16.39
-------------------------------------------------
Timestamp: 2025-09-29 19:08:01
Hand Presence: Hand Detected
Hand Side: Left Hand
Finger Count: 0
Gesture Detected: Left Hand Down
CPU Usage: 0.0%
Memory Usage: 6090 MB
Frames Processed Per Second: 16.39
-------------------------------------------------
Timestamp: 2025-09-29 19:08:01
Hand Presence: Hand Detected
Hand Side: Right Hand
Finger Count: 5
Gesture Detected: Right Open Hand
CPU Usage: 20.4%
Memory Usage: 6088 MB
Frames Processed Per Second: 18.23
-------------------------------------------------
Timestamp: 2025-09-29 19:08:01
Hand Presence: Hand Detected
Hand Side: Left Hand
Finger Count: 0
Gesture Detected: Left Hand Down
CPU Usage: 0.0%
Memory Usage: 6088 MB
Frames Processed Per Second: 18.23
-------------------------------------------------
